<?xml version="1.0" encoding="UTF-8"?>
<!-- Generated by org.testng.reporters.JUnitXMLReporter -->
<testsuite hostname="LAPTOP-15N4ONKA" ignored="0" name="Surefire test" tests="5" failures="0" timestamp="12 Nov 2018 14:31:22 GMT" time="0.039" errors="0">
  <testcase name="PostAppium" time="0.016" classname="qaclickacademy.AppiumTest"/>
  <testcase name="BrowserAutomation" time="0.0" classname="qaclickacademy.SeleniumTest"/>
  <testcase name="Perl" time="0.0" classname="qaclickacademy.SeleniumTest"/>
  <testcase name="Python" time="0.0" classname="qaclickacademy.SeleniumTest"/>
  <testcase name="Selenium" time="0.0" classname="qaclickacademy.SeleniumTest"/>
</testsuite> <!-- Surefire test -->
