<?xml version="1.0" encoding="UTF-8"?>
<testsuite xmlns:xsi="http://www.w3.org/2001/XMLSchema-instance" xsi:noNamespaceSchemaLocation="https://maven.apache.org/surefire/maven-surefire-plugin/xsd/surefire-test-report.xsd" name="TestSuite" time="0.449" tests="5" errors="0" skipped="0" failures="0">
  <properties>
[...]
</properties>
  <testcase name="PostAppium" classname="qaclickacademy.AppiumTest" time="0.005"/>
  <testcase name="BrowserAutomation" classname="qaclickacademy.SeleniumTest" time="0"/>
  <testcase name="Perl" classname="qaclickacademy.SeleniumTest" time="0"/>
  <testcase name="Python" classname="qaclickacademy.SeleniumTest" time="0"/>
  <testcase name="Selenium" classname="qaclickacademy.SeleniumTest" time="0"/>
</testsuite>