<?xml version="1.0" encoding="UTF-8"?>
<testng-results skipped="0" failed="0" ignored="0" total="5" passed="5">
  <reporter-output>
  </reporter-output>
  <suite name="Surefire suite" duration-ms="39" started-at="2018-11-12T14:31:22Z" finished-at="2018-11-12T14:31:22Z">
    <groups>
    </groups>
    <test name="Surefire test" duration-ms="39" started-at="2018-11-12T14:31:22Z" finished-at="2018-11-12T14:31:22Z">
      <class name="qaclickacademy.AppiumTest">
        <test-method status="PASS" signature="PostAppium()[pri:0, instance:qaclickacademy.AppiumTest@783e6358]" name="PostAppium" duration-ms="16" started-at="2018-11-12T20:01:22Z" finished-at="2018-11-12T20:01:22Z">
          <reporter-output>
          </reporter-output>
        </test-method> <!-- PostAppium -->
      </class> <!-- qaclickacademy.AppiumTest -->
      <class name="qaclickacademy.SeleniumTest">
        <test-method status="PASS" signature="BrowserAutomation()[pri:0, instance:qaclickacademy.SeleniumTest@180bc464]" name="BrowserAutomation" duration-ms="0" started-at="2018-11-12T20:01:22Z" finished-at="2018-11-12T20:01:22Z">
          <reporter-output>
          </reporter-output>
        </test-method> <!-- BrowserAutomation -->
        <test-method status="PASS" signature="Perl()[pri:0, instance:qaclickacademy.SeleniumTest@180bc464]" name="Perl" duration-ms="0" started-at="2018-11-12T20:01:22Z" finished-at="2018-11-12T20:01:22Z">
          <reporter-output>
          </reporter-output>
        </test-method> <!-- Perl -->
        <test-method status="PASS" signature="Python()[pri:0, instance:qaclickacademy.SeleniumTest@180bc464]" name="Python" duration-ms="0" started-at="2018-11-12T20:01:22Z" finished-at="2018-11-12T20:01:22Z">
          <reporter-output>
          </reporter-output>
        </test-method> <!-- Python -->
        <test-method status="PASS" signature="Selenium()[pri:0, instance:qaclickacademy.SeleniumTest@180bc464]" name="Selenium" duration-ms="0" started-at="2018-11-12T20:01:22Z" finished-at="2018-11-12T20:01:22Z">
          <reporter-output>
          </reporter-output>
        </test-method> <!-- Selenium -->
      </class> <!-- qaclickacademy.SeleniumTest -->
    </test> <!-- Surefire test -->
  </suite> <!-- Surefire suite -->
</testng-results>
